<?xml version="1.0" encoding="UTF-8"?>
<testng-results ignored="0" total="2" passed="2" failed="0" skipped="0">
  <reporter-output>
  </reporter-output>
  <suite started-at="2022-11-25T20:50:14 IST" name="Default suite" finished-at="2022-11-25T20:50:14 IST" duration-ms="119">
    <groups>
    </groups>
    <test started-at="2022-11-25T20:50:14 IST" name="Default test" finished-at="2022-11-25T20:50:14 IST" duration-ms="119">
      <class name="maventestng.TestngAnatation">
        <test-method is-config="true" signature="method1()[pri:0, instance:maventestng.TestngAnatation@121314f7]" started-at="2022-11-25T20:50:14 IST" name="method1" finished-at="2022-11-25T20:50:14 IST" duration-ms="19" status="PASS">
          <reporter-output>
          </reporter-output>
        </test-method> <!-- method1 -->
        <test-method is-config="true" signature="method2()[pri:0, instance:maventestng.TestngAnatation@121314f7]" started-at="2022-11-25T20:50:14 IST" name="method2" finished-at="2022-11-25T20:50:14 IST" duration-ms="1" status="PASS">
          <reporter-output>
          </reporter-output>
        </test-method> <!-- method2 -->
        <test-method is-config="true" signature="method6()[pri:0, instance:maventestng.TestngAnatation@121314f7]" started-at="2022-11-25T20:50:14 IST" name="method6" finished-at="2022-11-25T20:50:14 IST" duration-ms="0" status="PASS">
          <reporter-output>
          </reporter-output>
        </test-method> <!-- method6 -->
        <test-method is-config="true" signature="method3()[pri:0, instance:maventestng.TestngAnatation@121314f7]" started-at="2022-11-25T20:50:14 IST" name="method3" finished-at="2022-11-25T20:50:14 IST" duration-ms="3" status="PASS">
          <reporter-output>
          </reporter-output>
        </test-method> <!-- method3 -->
        <test-method signature="method4()[pri:0, instance:maventestng.TestngAnatation@121314f7]" started-at="2022-11-25T20:50:14 IST" name="method4" finished-at="2022-11-25T20:50:14 IST" duration-ms="14" status="PASS">
          <reporter-output>
          </reporter-output>
        </test-method> <!-- method4 -->
        <test-method is-config="true" signature="method3()[pri:0, instance:maventestng.TestngAnatation@121314f7]" started-at="2022-11-25T20:50:14 IST" name="method3" finished-at="2022-11-25T20:50:14 IST" duration-ms="3" status="PASS">
          <reporter-output>
          </reporter-output>
        </test-method> <!-- method3 -->
        <test-method signature="method5()[pri:0, instance:maventestng.TestngAnatation@121314f7]" started-at="2022-11-25T20:50:14 IST" name="method5" finished-at="2022-11-25T20:50:14 IST" duration-ms="4" status="PASS">
          <reporter-output>
          </reporter-output>
        </test-method> <!-- method5 -->
      </class> <!-- maventestng.TestngAnatation -->
    </test> <!-- Default test -->
  </suite> <!-- Default suite -->
</testng-results>
