<?xml version="1.0" encoding="UTF-8"?>
<!-- Generated by org.testng.reporters.JUnitXMLReporter -->
<testsuite ignored="0" hostname="VMURRUG-IN-LE02" failures="0" tests="3" name="Test" time="21.663" errors="0" timestamp="2022-12-18T17:31:10 IST">
  <testcase classname="AutomationTestpage.org.automation.testpage.DependOnMethod" name="executeSessionTwo" time="20.571"/>
  <testcase classname="AutomationTestpage.org.automation.testpage.DependOnMethod" name="executSessionThree" time="20.933"/>
  <testcase classname="AutomationTestpage.org.automation.testpage.DependOnMethod" name="executSessionOne" time="21.502"/>
</testsuite> <!-- Test -->
